	c
	s1
	--01
	0010
	010-
	-1-1
	1--1
	111-

	c
	s2
	---1
	-11-
	10--
	0-0-

	c
	s3
	1--1
	11--
	-1-1
	0-10
	000-



Pin	Señal	Col	Fila	Hay	Usadas
2	-	0	-	-	-
3	aa	4	-	-	-
4	bb	8	-	-	-
5	cc	12	-	-	-
6	dd	16	-	-	-
7	-	20	-	-	-
9	-	24	-	-	-
10	-	28	-	-	-
11	-	32	-	-	-
12	-	36	-	-	-
13	-	40	-	-	-
16	-	42	-	-	-
17	-	38	122	9	0
18	-	34	111	11	0
19	-	30	98	13	0
20	-	26	83	15	0
21	-	22	66	17	0
23	-	18	49	17	0
24	-	14	34	15	0
25	s3	10	21	13	5
26	s2	6	10	11	4
27	s1	2	1	9	6
29	-	-	0	1	0
30	-	-	131	1	0


BOOLE-DEUSTO 
type: GAL22V10*
QP24*
QF5828*
QV0*
G0*
F0*
L0044 11 11 11 11 11 11 11 11 11 11 11 11 11 11 11 11 11 11 11 11 11 11 *
L0088 11 11 11 11 11 11 10 11 01 11 11 11 11 11 11 11 11 11 11 11 11 11 *
L0132 11 11 10 11 10 11 01 11 10 11 11 11 11 11 11 11 11 11 11 11 11 11 *
L0176 11 11 10 11 01 11 10 11 11 11 11 11 11 11 11 11 11 11 11 11 11 11 *
L0220 11 11 11 11 01 11 11 11 01 11 11 11 11 11 11 11 11 11 11 11 11 11 *
L0264 11 11 01 11 11 11 11 11 01 11 11 11 11 11 11 11 11 11 11 11 11 11 *
L0308 11 11 01 11 01 11 01 11 11 11 11 11 11 11 11 11 11 11 11 11 11 11 *
L0440 11 11 11 11 11 11 11 11 11 11 11 11 11 11 11 11 11 11 11 11 11 11 *
L0484 11 11 11 11 11 11 11 11 01 11 11 11 11 11 11 11 11 11 11 11 11 11 *
L0528 11 11 11 11 01 11 01 11 11 11 11 11 11 11 11 11 11 11 11 11 11 11 *
L0572 11 11 01 11 10 11 11 11 11 11 11 11 11 11 11 11 11 11 11 11 11 11 *
L0616 11 11 10 11 11 11 10 11 11 11 11 11 11 11 11 11 11 11 11 11 11 11 *
L0924 11 11 11 11 11 11 11 11 11 11 11 11 11 11 11 11 11 11 11 11 11 11 *
L0968 11 11 01 11 11 11 11 11 01 11 11 11 11 11 11 11 11 11 11 11 11 11 *
L1012 11 11 01 11 01 11 11 11 11 11 11 11 11 11 11 11 11 11 11 11 11 11 *
L1056 11 11 11 11 01 11 11 11 01 11 11 11 11 11 11 11 11 11 11 11 11 11 *
L1100 11 11 10 11 11 11 01 11 10 11 11 11 11 11 11 11 11 11 11 11 11 11 *
L1144 11 11 10 11 10 11 10 11 11 11 11 11 11 11 11 11 11 11 11 11 11 11 *
L5808 11 11 11 11 11 11 11 11 11 11 *
C62B7*
F77E