	s
	Q0
	10-
	01-

	s
	Q1
	0-0
	1-1

	c
	Sal1
	-1-

	c
	Sal0
	--1



Pin	Señal	Col	Fila	Hay	Usadas
2	-	0	-	-	-
3	Ent0	4	-	-	-
4	q1	8	-	-	-
5	q0	12	-	-	-
6	-	16	-	-	-
7	-	20	-	-	-
9	-	24	-	-	-
10	-	28	-	-	-
11	-	32	-	-	-
12	-	36	-	-	-
13	-	40	-	-	-
16	-	42	-	-	-
17	-	38	122	9	0
18	-	34	111	11	0
19	-	30	98	13	0
20	-	26	83	15	0
21	-	22	66	17	0
23	-	18	49	17	0
24	Sal0	14	34	15	1
25	Sal1	10	21	13	1
26	Q1	6	10	11	2
27	Q0	2	1	9	2
29	-	-	0	1	0
30	-	-	131	1	0


BOOLE-DEUSTO 
type: GAL22V10*
QP24*
QF5828*
QV0*
G0*
F0*
L0044 11 11 11 11 11 11 11 11 11 11 11 11 11 11 11 11 11 11 11 11 11 11 *
L0088 11 11 01 11 10 11 11 11 11 11 11 11 11 11 11 11 11 11 11 11 11 11 *
L0132 11 11 10 11 01 11 11 11 11 11 11 11 11 11 11 11 11 11 11 11 11 11 *
L0440 11 11 11 11 11 11 11 11 11 11 11 11 11 11 11 11 11 11 11 11 11 11 *
L0484 11 11 10 11 11 11 10 11 11 11 11 11 11 11 11 11 11 11 11 11 11 11 *
L0528 11 11 01 11 11 11 01 11 11 11 11 11 11 11 11 11 11 11 11 11 11 11 *
L0924 11 11 11 11 11 11 11 11 11 11 11 11 11 11 11 11 11 11 11 11 11 11 *
L0968 11 11 11 11 01 11 11 11 11 11 11 11 11 11 11 11 11 11 11 11 11 11 *
L1496 11 11 11 11 11 11 11 11 11 11 11 11 11 11 11 11 11 11 11 11 11 11 *
L1540 11 11 11 11 11 11 01 11 11 11 11 11 11 11 11 11 11 11 11 11 11 11 *
L5808 10 10 11 11 11 11 11 11 11 11 *
C3882*
92E7